<?xml version="1.0" encoding="UTF-8"?>
<testng-results ignored="0" total="11" passed="11" failed="0" skipped="0">
  <reporter-output>
  </reporter-output>
  <suite started-at="2025-03-03T12:04:02 GMT" name="BooksInventory" finished-at="2025-03-03T12:04:11 GMT" duration-ms="8491">
    <groups>
    </groups>
    <test started-at="2025-03-03T12:04:02 GMT" name="Test" finished-at="2025-03-03T12:04:11 GMT" duration-ms="8491">
      <class name="test.BooksInventory_Negative_Workflows">
        <test-method is-config="true" signature="Login(java.lang.String)[pri:0, instance:test.BooksInventory_Negative_Workflows@6955cb39]" started-at="2025-03-03T12:04:06 GMT" name="Login" finished-at="2025-03-03T12:04:07 GMT" duration-ms="1550" status="PASS">
          <params>
            <param index="0">
              <value>
                <![CDATA[https://applicationforlibrarymanagementsystem.onrender.com/login]]>
              </value>
            </param>
          </params>
          <reporter-output>
          </reporter-output>
        </test-method> <!-- Login -->
        <test-method signature="RefreshPage()[pri:1, instance:test.BooksInventory_Negative_Workflows@6955cb39]" started-at="2025-03-03T12:04:07 GMT" name="RefreshPage" finished-at="2025-03-03T12:04:08 GMT" duration-ms="489" status="PASS">
          <reporter-output>
          </reporter-output>
        </test-method> <!-- RefreshPage -->
        <test-method signature="InvalidDate()[pri:2, instance:test.BooksInventory_Negative_Workflows@6955cb39]" started-at="2025-03-03T12:04:08 GMT" name="InvalidDate" finished-at="2025-03-03T12:04:08 GMT" duration-ms="791" status="PASS">
          <reporter-output>
          </reporter-output>
        </test-method> <!-- InvalidDate -->
        <test-method signature="AddBookWithNoDetails()[pri:3, instance:test.BooksInventory_Negative_Workflows@6955cb39]" started-at="2025-03-03T12:04:08 GMT" name="AddBookWithNoDetails" finished-at="2025-03-03T12:04:09 GMT" duration-ms="380" status="PASS">
          <reporter-output>
          </reporter-output>
        </test-method> <!-- AddBookWithNoDetails -->
        <test-method signature="InvalidUsername(java.lang.String,java.lang.String,java.lang.String)[pri:4, instance:test.BooksInventory_Negative_Workflows@6955cb39]" started-at="2025-03-03T12:04:09 GMT" name="InvalidUsername" finished-at="2025-03-03T12:04:09 GMT" duration-ms="691" status="PASS">
          <params>
            <param index="0">
              <value>
                <![CDATA[https://applicationforlibrarymanagementsystem.onrender.com/login]]>
              </value>
            </param>
            <param index="1">
              <value>
                <![CDATA[admin0]]>
              </value>
            </param>
            <param index="2">
              <value>
                <![CDATA[securePassword]]>
              </value>
            </param>
          </params>
          <reporter-output>
          </reporter-output>
        </test-method> <!-- InvalidUsername -->
        <test-method signature="InvalidPassword(java.lang.String,java.lang.String,java.lang.String)[pri:5, instance:test.BooksInventory_Negative_Workflows@6955cb39]" started-at="2025-03-03T12:04:09 GMT" name="InvalidPassword" finished-at="2025-03-03T12:04:10 GMT" duration-ms="746" status="PASS">
          <params>
            <param index="0">
              <value>
                <![CDATA[https://applicationforlibrarymanagementsystem.onrender.com/login]]>
              </value>
            </param>
            <param index="1">
              <value>
                <![CDATA[admin1]]>
              </value>
            </param>
            <param index="2">
              <value>
                <![CDATA[secure]]>
              </value>
            </param>
          </params>
          <reporter-output>
          </reporter-output>
        </test-method> <!-- InvalidPassword -->
        <test-method signature="InvalidUsernamePassword(java.lang.String,java.lang.String,java.lang.String)[pri:6, instance:test.BooksInventory_Negative_Workflows@6955cb39]" started-at="2025-03-03T12:04:10 GMT" name="InvalidUsernamePassword" finished-at="2025-03-03T12:04:11 GMT" duration-ms="736" status="PASS">
          <params>
            <param index="0">
              <value>
                <![CDATA[https://applicationforlibrarymanagementsystem.onrender.com/login]]>
              </value>
            </param>
            <param index="1">
              <value>
                <![CDATA[admin0]]>
              </value>
            </param>
            <param index="2">
              <value>
                <![CDATA[secure]]>
              </value>
            </param>
          </params>
          <reporter-output>
          </reporter-output>
        </test-method> <!-- InvalidUsernamePassword -->
      </class> <!-- test.BooksInventory_Negative_Workflows -->
      <class name="test.BooksInventory_All_Positive_Workflows">
        <test-method is-config="true" signature="Login(java.lang.String,java.lang.String,java.lang.String)[pri:0, instance:test.BooksInventory_All_Positive_Workflows@42463763]" started-at="2025-03-03T12:04:03 GMT" name="Login" finished-at="2025-03-03T12:04:04 GMT" duration-ms="1551" status="PASS">
          <params>
            <param index="0">
              <value>
                <![CDATA[https://applicationforlibrarymanagementsystem.onrender.com/login]]>
              </value>
            </param>
            <param index="1">
              <value>
                <![CDATA[admin1]]>
              </value>
            </param>
            <param index="2">
              <value>
                <![CDATA[securePassword]]>
              </value>
            </param>
          </params>
          <reporter-output>
          </reporter-output>
        </test-method> <!-- Login -->
        <test-method signature="ViewRecords()[pri:1, instance:test.BooksInventory_All_Positive_Workflows@42463763]" started-at="2025-03-03T12:04:04 GMT" name="ViewRecords" finished-at="2025-03-03T12:04:04 GMT" duration-ms="61" status="PASS">
          <reporter-output>
          </reporter-output>
        </test-method> <!-- ViewRecords -->
        <test-method signature="ConfirmWelcomeMessageAndLogoutButton()[pri:2, instance:test.BooksInventory_All_Positive_Workflows@42463763]" started-at="2025-03-03T12:04:04 GMT" name="ConfirmWelcomeMessageAndLogoutButton" finished-at="2025-03-03T12:04:04 GMT" duration-ms="107" status="PASS">
          <reporter-output>
          </reporter-output>
        </test-method> <!-- ConfirmWelcomeMessageAndLogoutButton -->
        <test-method signature="AddBook()[pri:3, instance:test.BooksInventory_All_Positive_Workflows@42463763]" started-at="2025-03-03T12:04:04 GMT" name="AddBook" finished-at="2025-03-03T12:04:05 GMT" duration-ms="923" status="PASS">
          <reporter-output>
          </reporter-output>
        </test-method> <!-- AddBook -->
        <test-method signature="EditBook()[pri:4, instance:test.BooksInventory_All_Positive_Workflows@42463763]" started-at="2025-03-03T12:04:05 GMT" name="EditBook" finished-at="2025-03-03T12:04:05 GMT" duration-ms="290" status="PASS">
          <reporter-output>
          </reporter-output>
        </test-method> <!-- EditBook -->
        <test-method signature="DeleteBook()[pri:5, instance:test.BooksInventory_All_Positive_Workflows@42463763]" started-at="2025-03-03T12:04:05 GMT" name="DeleteBook" finished-at="2025-03-03T12:04:06 GMT" duration-ms="83" status="PASS">
          <reporter-output>
          </reporter-output>
        </test-method> <!-- DeleteBook -->
        <test-method is-config="true" signature="Logout()[pri:0, instance:test.BooksInventory_All_Positive_Workflows@42463763]" started-at="2025-03-03T12:04:11 GMT" name="Logout" finished-at="2025-03-03T12:04:12 GMT" duration-ms="478" status="PASS">
          <reporter-output>
          </reporter-output>
        </test-method> <!-- Logout -->
      </class> <!-- test.BooksInventory_All_Positive_Workflows -->
    </test> <!-- Test -->
  </suite> <!-- BooksInventory -->
</testng-results>
