<?xml version="1.0" encoding="UTF-8"?>
<!-- Generated by org.testng.reporters.JUnitXMLReporter -->
<testsuite ignored="0" hostname="DESKTOP-BJTDP1C" failures="0" tests="3" name="Test" time="4.813" errors="0" timestamp="2025-02-26T03:17:31 GMT">
  <testcase classname="test.BooksInventory_Create" name="AddBook" time="0.371"/>
  <testcase classname="test.BooksInventory_Login_View" name="ConfirmWelcomeMessageAndLogoutButton" time="0.095"/>
  <testcase classname="test.BooksInventory_Login_View" name="ViewRecords" time="0.039"/>
</testsuite> <!-- Test -->
