<?xml version="1.0" encoding="UTF-8"?>
<!-- Generated by org.testng.reporters.JUnitXMLReporter -->
<testsuite ignored="0" hostname="DESKTOP-BJTDP1C" failures="0" tests="11" name="Test" time="8.491" errors="0" timestamp="2025-03-03T12:04:11 GMT">
  <testcase classname="test.BooksInventory_All_Positive_Workflows" name="ViewRecords" time="0.061"/>
  <testcase classname="test.BooksInventory_All_Positive_Workflows" name="ConfirmWelcomeMessageAndLogoutButton" time="0.107"/>
  <testcase classname="test.BooksInventory_All_Positive_Workflows" name="AddBook" time="0.923"/>
  <testcase classname="test.BooksInventory_All_Positive_Workflows" name="EditBook" time="0.29"/>
  <testcase classname="test.BooksInventory_All_Positive_Workflows" name="DeleteBook" time="0.083"/>
  <testcase classname="test.BooksInventory_Negative_Workflows" name="RefreshPage" time="0.489"/>
  <testcase classname="test.BooksInventory_Negative_Workflows" name="InvalidDate" time="0.791"/>
  <testcase classname="test.BooksInventory_Negative_Workflows" name="AddBookWithNoDetails" time="0.38"/>
  <testcase classname="test.BooksInventory_Negative_Workflows" name="InvalidUsername" time="0.691"/>
  <testcase classname="test.BooksInventory_Negative_Workflows" name="InvalidPassword" time="0.746"/>
  <testcase classname="test.BooksInventory_Negative_Workflows" name="InvalidUsernamePassword" time="0.736"/>
</testsuite> <!-- Test -->
